2025-07-27 09:34:17,053 - INFO - Trading bot started (updated version)
2025-07-27 09:34:17,548 - INFO - Exchange configuration complete
2025-07-27 09:34:17,548 - INFO - === Bot Session Started ===
2025-07-27 09:34:17,548 - INFO - Fetching initial market data...
2025-07-27 09:34:17,745 - INFO - Initial ML model training successful.
2025-07-27 09:34:17,815 - ERROR - Error in price prediction: Input X contains NaN.
RandomForestClassifier does not accept missing values encoded as NaN natively. For supervised learning, you might want to consider sklearn.ensemble.HistGradientBoostingClassifier and Regressor which accept missing values encoded as NaNs natively. Alternatively, it is possible to preprocess the data, for instance by using an imputer transformer in a pipeline or drop samples with missing values. See https://scikit-learn.org/stable/modules/impute.html You can find a list of all estimators that handle NaN values at the following page: https://scikit-learn.org/stable/modules/impute.html#estimators-that-handle-nan-values
2025-07-27 09:34:48,333 - ERROR - Error in price prediction: Input X contains NaN.
RandomForestClassifier does not accept missing values encoded as NaN natively. For supervised learning, you might want to consider sklearn.ensemble.HistGradientBoostingClassifier and Regressor which accept missing values encoded as NaNs natively. Alternatively, it is possible to preprocess the data, for instance by using an imputer transformer in a pipeline or drop samples with missing values. See https://scikit-learn.org/stable/modules/impute.html You can find a list of all estimators that handle NaN values at the following page: https://scikit-learn.org/stable/modules/impute.html#estimators-that-handle-nan-values
2025-07-27 09:35:18,850 - ERROR - Error in price prediction: Input X contains NaN.
RandomForestClassifier does not accept missing values encoded as NaN natively. For supervised learning, you might want to consider sklearn.ensemble.HistGradientBoostingClassifier and Regressor which accept missing values encoded as NaNs natively. Alternatively, it is possible to preprocess the data, for instance by using an imputer transformer in a pipeline or drop samples with missing values. See https://scikit-learn.org/stable/modules/impute.html You can find a list of all estimators that handle NaN values at the following page: https://scikit-learn.org/stable/modules/impute.html#estimators-that-handle-nan-values
2025-07-27 09:35:49,367 - ERROR - Error in price prediction: Input X contains NaN.
RandomForestClassifier does not accept missing values encoded as NaN natively. For supervised learning, you might want to consider sklearn.ensemble.HistGradientBoostingClassifier and Regressor which accept missing values encoded as NaNs natively. Alternatively, it is possible to preprocess the data, for instance by using an imputer transformer in a pipeline or drop samples with missing values. See https://scikit-learn.org/stable/modules/impute.html You can find a list of all estimators that handle NaN values at the following page: https://scikit-learn.org/stable/modules/impute.html#estimators-that-handle-nan-values
2025-07-27 09:36:31,034 - INFO - Trading bot started (updated version)
2025-07-27 09:36:31,443 - INFO - Exchange configuration complete
2025-07-27 09:36:31,444 - INFO - === Bot Session Started ===
2025-07-27 09:36:31,444 - INFO - Fetching initial market data...
2025-07-27 09:36:31,642 - INFO - Initial ML model training successful.
2025-07-27 09:36:31,714 - ERROR - Error in price prediction: Input X contains NaN.
RandomForestClassifier does not accept missing values encoded as NaN natively. For supervised learning, you might want to consider sklearn.ensemble.HistGradientBoostingClassifier and Regressor which accept missing values encoded as NaNs natively. Alternatively, it is possible to preprocess the data, for instance by using an imputer transformer in a pipeline or drop samples with missing values. See https://scikit-learn.org/stable/modules/impute.html You can find a list of all estimators that handle NaN values at the following page: https://scikit-learn.org/stable/modules/impute.html#estimators-that-handle-nan-values
2025-07-27 09:37:02,237 - ERROR - Error in price prediction: Input X contains NaN.
RandomForestClassifier does not accept missing values encoded as NaN natively. For supervised learning, you might want to consider sklearn.ensemble.HistGradientBoostingClassifier and Regressor which accept missing values encoded as NaNs natively. Alternatively, it is possible to preprocess the data, for instance by using an imputer transformer in a pipeline or drop samples with missing values. See https://scikit-learn.org/stable/modules/impute.html You can find a list of all estimators that handle NaN values at the following page: https://scikit-learn.org/stable/modules/impute.html#estimators-that-handle-nan-values
2025-07-27 09:37:50,276 - INFO - Trading bot started (updated version)
2025-07-27 09:37:50,687 - INFO - Exchange configuration complete
2025-07-27 09:37:50,687 - INFO - === Bot Session Started ===
2025-07-27 09:37:50,687 - INFO - Fetching initial market data...
2025-07-27 09:37:50,879 - INFO - Initial ML model training successful.
2025-07-27 09:37:50,953 - ERROR - Error in price prediction: Input X contains NaN.
RandomForestClassifier does not accept missing values encoded as NaN natively. For supervised learning, you might want to consider sklearn.ensemble.HistGradientBoostingClassifier and Regressor which accept missing values encoded as NaNs natively. Alternatively, it is possible to preprocess the data, for instance by using an imputer transformer in a pipeline or drop samples with missing values. See https://scikit-learn.org/stable/modules/impute.html You can find a list of all estimators that handle NaN values at the following page: https://scikit-learn.org/stable/modules/impute.html#estimators-that-handle-nan-values
2025-09-29 21:21:23,030 - INFO - Trading bot started (updated version)
2025-09-29 21:21:23,509 - INFO - Exchange configuration complete
2025-09-29 21:21:23,509 - INFO - === Bot Session Started ===
2025-09-29 21:21:23,509 - INFO - Fetching initial market data...
2025-09-29 21:21:23,693 - INFO - Initial ML model training successful.
2025-09-29 21:27:30,814 - INFO - Sell signal detected (ML Prob: 0.08)
2025-09-29 21:27:30,875 - WARNING - Spread too high (0.28%). Skipping trade.
2025-09-29 21:28:01,374 - INFO - Sell signal detected (ML Prob: 0.10)
2025-09-29 21:28:01,438 - WARNING - Spread too high (0.27%). Skipping trade.
2025-09-29 21:28:32,015 - INFO - Sell signal detected (ML Prob: 0.10)
2025-09-29 21:28:32,052 - WARNING - Spread too high (0.25%). Skipping trade.
2025-09-29 21:29:02,572 - INFO - Sell signal detected (ML Prob: 0.09)
2025-09-29 21:29:02,645 - WARNING - Spread too high (0.23%). Skipping trade.
2025-09-29 21:29:33,129 - INFO - Sell signal detected (ML Prob: 0.16)
2025-09-29 21:29:33,188 - WARNING - Spread too high (0.45%). Skipping trade.
2025-09-29 21:30:03,771 - INFO - Sell signal detected (ML Prob: 0.21)
2025-09-29 21:30:03,816 - WARNING - Spread too high (0.44%). Skipping trade.
2025-09-29 21:30:34,313 - INFO - Sell signal detected (ML Prob: 0.21)
2025-09-29 21:30:34,372 - WARNING - Spread too high (0.44%). Skipping trade.
2025-09-29 21:31:04,894 - INFO - Sell signal detected (ML Prob: 0.20)
2025-09-29 21:31:04,956 - WARNING - Spread too high (0.44%). Skipping trade.
2025-09-29 21:31:35,550 - INFO - Sell signal detected (ML Prob: 0.20)
2025-09-29 21:31:35,578 - WARNING - Spread too high (0.42%). Skipping trade.
2025-09-29 21:32:06,183 - INFO - Sell signal detected (ML Prob: 0.23)
2025-09-29 21:32:06,237 - WARNING - Spread too high (0.41%). Skipping trade.
2025-09-29 21:32:36,859 - INFO - Sell signal detected (ML Prob: 0.23)
2025-09-29 21:32:36,903 - WARNING - Spread too high (0.40%). Skipping trade.
2025-09-29 21:41:16,263 - INFO - Sell signal detected (ML Prob: 0.29)
2025-09-29 21:41:16,301 - WARNING - Spread too high (0.31%). Skipping trade.
2025-09-29 21:41:46,813 - INFO - Sell signal detected (ML Prob: 0.29)
2025-09-29 21:41:46,868 - WARNING - Spread too high (0.53%). Skipping trade.
2025-09-29 21:42:17,377 - INFO - Sell signal detected (ML Prob: 0.18)
2025-09-29 21:42:17,438 - WARNING - Spread too high (0.47%). Skipping trade.
2025-09-29 21:42:47,957 - INFO - Sell signal detected (ML Prob: 0.18)
2025-09-29 21:42:48,012 - WARNING - Spread too high (0.44%). Skipping trade.
2025-09-29 21:43:18,603 - INFO - Sell signal detected (ML Prob: 0.16)
2025-09-29 21:43:18,640 - WARNING - Spread too high (0.42%). Skipping trade.
2025-09-29 21:43:49,162 - INFO - Sell signal detected (ML Prob: 0.12)
2025-09-29 21:43:49,212 - WARNING - Spread too high (0.40%). Skipping trade.
2025-09-29 21:44:19,722 - INFO - Sell signal detected (ML Prob: 0.13)
2025-09-29 21:44:19,779 - WARNING - Spread too high (0.38%). Skipping trade.
2025-09-29 21:44:50,362 - INFO - Sell signal detected (ML Prob: 0.13)
2025-09-29 21:44:50,401 - WARNING - Spread too high (0.37%). Skipping trade.
2025-09-29 21:45:20,911 - INFO - Sell signal detected (ML Prob: 0.14)
2025-09-29 21:45:20,964 - WARNING - Spread too high (0.37%). Skipping trade.
2025-09-29 21:45:51,463 - INFO - Sell signal detected (ML Prob: 0.14)
2025-09-29 21:45:51,510 - WARNING - Spread too high (0.36%). Skipping trade.
2025-09-29 21:48:24,264 - INFO - Sell signal detected (ML Prob: 0.20)
2025-09-29 21:48:24,306 - WARNING - Spread too high (0.25%). Skipping trade.
2025-09-29 21:48:54,824 - INFO - Sell signal detected (ML Prob: 0.20)
2025-09-29 21:48:54,872 - WARNING - Spread too high (0.23%). Skipping trade.
2025-09-29 21:49:25,399 - INFO - Sell signal detected (ML Prob: 0.20)
2025-09-29 21:49:25,455 - WARNING - Spread too high (0.22%). Skipping trade.
2025-09-29 21:49:56,032 - INFO - Sell signal detected (ML Prob: 0.20)
2025-09-29 21:49:56,069 - WARNING - Spread too high (0.20%). Skipping trade.
2025-09-29 21:53:29,975 - INFO - Sell signal detected (ML Prob: 0.12)
2025-09-29 21:53:30,028 - WARNING - Spread too high (0.18%). Skipping trade.
2025-09-29 21:54:00,618 - INFO - Sell signal detected (ML Prob: 0.14)
2025-09-29 21:54:00,677 - WARNING - Spread too high (0.17%). Skipping trade.
2025-09-29 21:57:03,880 - INFO - Sell signal detected (ML Prob: 0.19)
2025-09-29 21:57:03,932 - WARNING - Spread too high (0.20%). Skipping trade.
2025-09-29 21:57:34,530 - INFO - Sell signal detected (ML Prob: 0.19)
2025-09-29 21:57:34,580 - WARNING - Spread too high (0.19%). Skipping trade.
2025-09-29 21:58:05,171 - INFO - Sell signal detected (ML Prob: 0.17)
2025-09-29 21:58:05,211 - WARNING - Spread too high (0.18%). Skipping trade.
2025-09-29 21:58:35,734 - INFO - Sell signal detected (ML Prob: 0.17)
2025-09-29 21:58:35,784 - WARNING - Spread too high (0.17%). Skipping trade.
2025-09-29 21:59:06,293 - INFO - Sell signal detected (ML Prob: 0.10)
2025-09-29 21:59:06,357 - WARNING - Spread too high (0.38%). Skipping trade.
2025-09-29 21:59:36,938 - INFO - Sell signal detected (ML Prob: 0.16)
2025-09-29 21:59:36,979 - WARNING - Spread too high (0.32%). Skipping trade.
2025-09-29 22:00:07,502 - INFO - Sell signal detected (ML Prob: 0.15)
2025-09-29 22:00:07,551 - WARNING - Spread too high (0.26%). Skipping trade.
2025-09-29 22:00:38,059 - INFO - Sell signal detected (ML Prob: 0.15)
2025-09-29 22:00:38,107 - WARNING - Spread too high (0.25%). Skipping trade.
2025-09-29 22:01:08,690 - INFO - Sell signal detected (ML Prob: 0.18)
2025-09-29 22:01:08,730 - WARNING - Spread too high (0.24%). Skipping trade.
2025-09-29 22:01:39,335 - INFO - Sell signal detected (ML Prob: 0.18)
2025-09-29 22:01:39,380 - WARNING - Spread too high (0.22%). Skipping trade.
2025-09-29 22:02:10,012 - INFO - Sell signal detected (ML Prob: 0.18)
2025-09-29 22:02:10,051 - WARNING - Spread too high (0.21%). Skipping trade.
2025-09-29 22:22:31,459 - INFO - Sell signal detected (ML Prob: 0.34)
2025-09-29 22:22:31,509 - WARNING - Spread too high (0.29%). Skipping trade.
2025-09-30 00:47:18,233 - WARNING - Network error: binanceus GET https://api.binance.us/api/v3/ticker/24hr?symbol=ETHUSDT. Retrying in 2 s...
2025-09-30 00:47:20,627 - INFO - Sell signal detected (ML Prob: 0.28)
2025-09-30 00:47:20,702 - WARNING - Spread too high (0.20%). Skipping trade.
2025-09-30 03:42:43,161 - WARNING - Network error: binanceus GET https://api.binance.us/api/v3/klines?interval=1m&limit=1000&symbol=ETHUSDT. Retrying in 2 s...
2025-09-30 07:11:55,252 - WARNING - Network error: binanceus GET https://api.binance.us/api/v3/klines?interval=1m&limit=1000&symbol=ETHUSDT. Retrying in 2 s...
2025-09-30 07:11:57,692 - INFO - Sell signal detected (ML Prob: 0.04)
2025-09-30 07:11:57,755 - WARNING - Spread too high (0.23%). Skipping trade.
2025-09-30 08:29:41,859 - WARNING - Network error: binanceus GET https://api.binance.us/api/v3/klines?interval=1m&limit=1000&symbol=ETHUSDT. Retrying in 2 s...
2025-09-30 10:46:05,620 - WARNING - Network error: binanceus GET https://api.binance.us/api/v3/klines?interval=1m&limit=1000&symbol=ETHUSDT. Retrying in 2 s...
2025-09-30 12:25:59,175 - WARNING - Network error: binanceus GET https://api.binance.us/api/v3/klines?interval=1m&limit=1000&symbol=ETHUSDT. Retrying in 2 s...
2025-09-30 13:53:27,865 - INFO - Sell signal detected (ML Prob: 0.25)
2025-09-30 13:53:27,919 - WARNING - Spread too high (0.29%). Skipping trade.
2025-09-30 17:42:22,831 - WARNING - Network error: binanceus GET https://api.binance.us/api/v3/klines?interval=1m&limit=1000&symbol=ETHUSDT. Retrying in 2 s...
2025-09-30 18:15:44,960 - INFO - Sell signal detected (ML Prob: 0.23)
2025-09-30 18:15:44,995 - WARNING - Spread too high (0.33%). Skipping trade.
2025-09-30 18:50:53,218 - WARNING - Network error: binanceus GET https://api.binance.us/api/v3/klines?interval=1m&limit=1000&symbol=ETHUSDT. Retrying in 2 s...
2025-09-30 19:22:15,488 - WARNING - Network error: binanceus GET https://api.binance.us/api/v3/klines?interval=1m&limit=1000&symbol=ETHUSDT. Retrying in 2 s...
2025-09-30 19:43:51,528 - INFO - Sell signal detected (ML Prob: 0.30)
2025-09-30 19:43:51,579 - WARNING - Spread too high (0.27%). Skipping trade.
2025-09-30 19:44:22,092 - INFO - Sell signal detected (ML Prob: 0.31)
2025-09-30 19:44:22,154 - WARNING - Spread too high (0.26%). Skipping trade.
2025-09-30 19:52:00,217 - INFO - Sell signal detected (ML Prob: 0.09)
2025-09-30 19:52:00,264 - WARNING - Spread too high (0.16%). Skipping trade.
2025-09-30 19:52:30,794 - INFO - Sell signal detected (ML Prob: 0.10)
2025-09-30 19:52:30,851 - WARNING - Spread too high (0.15%). Skipping trade.
2025-09-30 19:53:11,074 - WARNING - Network error: binanceus GET https://api.binance.us/api/v3/klines?interval=1m&limit=1000&symbol=ETHUSDT. Retrying in 2 s...
2025-09-30 19:53:13,632 - INFO - Sell signal detected (ML Prob: 0.10)
2025-09-30 19:53:13,760 - WARNING - Spread too high (0.13%). Skipping trade.
2025-09-30 19:53:44,247 - INFO - Sell signal detected (ML Prob: 0.10)
2025-09-30 19:53:44,308 - WARNING - Spread too high (0.12%). Skipping trade.
2025-09-30 19:54:14,829 - INFO - Sell signal detected (ML Prob: 0.12)
2025-09-30 19:54:14,878 - WARNING - Spread too high (0.12%). Skipping trade.
2025-09-30 19:54:45,397 - INFO - Sell signal detected (ML Prob: 0.12)
2025-09-30 19:54:45,445 - WARNING - Spread too high (0.11%). Skipping trade.
2025-09-30 19:55:15,969 - INFO - Sell signal detected (ML Prob: 0.23)
2025-09-30 19:55:16,026 - WARNING - Spread too high (0.11%). Skipping trade.
2025-09-30 19:55:56,241 - WARNING - Network error: binanceus GET https://api.binance.us/api/v3/klines?interval=1m&limit=1000&symbol=ETHUSDT. Retrying in 2 s...
2025-09-30 19:55:58,739 - INFO - Sell signal detected (ML Prob: 0.23)
2025-09-30 19:55:58,897 - WARNING - Spread too high (0.31%). Skipping trade.
2025-09-30 19:56:29,425 - INFO - Sell signal detected (ML Prob: 0.11)
2025-09-30 19:56:29,480 - WARNING - Spread too high (0.29%). Skipping trade.
2025-09-30 19:57:00,041 - INFO - Sell signal detected (ML Prob: 0.11)
2025-09-30 19:57:00,099 - WARNING - Spread too high (0.28%). Skipping trade.
2025-09-30 19:57:30,613 - INFO - Sell signal detected (ML Prob: 0.11)
2025-09-30 19:57:30,663 - WARNING - Spread too high (0.39%). Skipping trade.
2025-09-30 19:58:01,178 - INFO - Sell signal detected (ML Prob: 0.07)
2025-09-30 19:58:01,242 - WARNING - Spread too high (0.37%). Skipping trade.
2025-09-30 19:58:31,776 - INFO - Sell signal detected (ML Prob: 0.07)
2025-09-30 19:58:31,811 - WARNING - Spread too high (0.36%). Skipping trade.
2025-09-30 19:59:02,361 - INFO - Sell signal detected (ML Prob: 0.03)
2025-09-30 19:59:02,400 - WARNING - Spread too high (0.34%). Skipping trade.
2025-09-30 19:59:32,946 - INFO - Sell signal detected (ML Prob: 0.03)
2025-09-30 19:59:32,980 - WARNING - Spread too high (0.32%). Skipping trade.
2025-09-30 20:00:03,544 - INFO - Sell signal detected (ML Prob: 0.03)
2025-09-30 20:00:03,582 - WARNING - Spread too high (0.30%). Skipping trade.
2025-09-30 20:00:34,088 - INFO - Sell signal detected (ML Prob: 0.03)
2025-09-30 20:00:34,142 - WARNING - Spread too high (0.28%). Skipping trade.
2025-09-30 20:01:04,676 - INFO - Sell signal detected (ML Prob: 0.05)
2025-09-30 20:01:04,737 - WARNING - Spread too high (0.26%). Skipping trade.
2025-09-30 20:01:35,265 - INFO - Sell signal detected (ML Prob: 0.05)
2025-09-30 20:01:35,342 - WARNING - Spread too high (0.25%). Skipping trade.
2025-09-30 20:16:20,657 - INFO - Sell signal detected (ML Prob: 0.11)
2025-09-30 20:16:20,715 - WARNING - Spread too high (0.18%). Skipping trade.
2025-09-30 20:16:51,239 - INFO - Sell signal detected (ML Prob: 0.11)
2025-09-30 20:16:51,287 - WARNING - Spread too high (0.16%). Skipping trade.
2025-09-30 20:17:21,883 - INFO - Sell signal detected (ML Prob: 0.19)
2025-09-30 20:17:21,941 - WARNING - Spread too high (0.15%). Skipping trade.
2025-09-30 20:17:52,475 - INFO - Sell signal detected (ML Prob: 0.19)
2025-09-30 20:17:52,517 - WARNING - Spread too high (0.13%). Skipping trade.
2025-09-30 20:19:24,192 - INFO - Sell signal detected (ML Prob: 0.34)
2025-09-30 20:19:24,250 - WARNING - Spread too high (0.27%). Skipping trade.
2025-09-30 20:30:46,849 - WARNING - Network error: binanceus GET https://api.binance.us/api/v3/klines?interval=1m&limit=1000&symbol=ETHUSDT. Retrying in 2 s...
2025-09-30 20:30:49,257 - INFO - Sell signal detected (ML Prob: 0.07)
2025-09-30 20:30:49,317 - WARNING - Spread too high (0.33%). Skipping trade.
2025-09-30 20:33:22,025 - INFO - Sell signal detected (ML Prob: 0.29)
2025-09-30 20:33:22,077 - WARNING - Spread too high (0.24%). Skipping trade.
2025-09-30 20:33:52,595 - INFO - Sell signal detected (ML Prob: 0.33)
2025-09-30 20:33:52,641 - WARNING - Spread too high (0.24%). Skipping trade.
2025-09-30 20:34:23,151 - INFO - Sell signal detected (ML Prob: 0.32)
2025-09-30 20:34:23,221 - WARNING - Spread too high (0.24%). Skipping trade.
2025-09-30 20:34:53,727 - INFO - Sell signal detected (ML Prob: 0.32)
2025-09-30 20:34:53,777 - WARNING - Spread too high (0.38%). Skipping trade.
2025-09-30 20:35:24,304 - INFO - Sell signal detected (ML Prob: 0.32)
2025-09-30 20:35:24,349 - WARNING - Spread too high (0.37%). Skipping trade.
2025-09-30 20:35:54,881 - INFO - Sell signal detected (ML Prob: 0.32)
2025-09-30 20:35:54,921 - WARNING - Spread too high (0.35%). Skipping trade.
2025-09-30 20:36:25,553 - INFO - Sell signal detected (ML Prob: 0.21)
2025-09-30 20:36:25,634 - WARNING - Spread too high (0.33%). Skipping trade.
2025-09-30 20:36:56,130 - INFO - Sell signal detected (ML Prob: 0.21)
2025-09-30 20:36:56,191 - WARNING - Spread too high (0.32%). Skipping trade.
2025-09-30 20:37:26,752 - INFO - Sell signal detected (ML Prob: 0.29)
2025-09-30 20:37:26,808 - WARNING - Spread too high (0.30%). Skipping trade.
2025-09-30 20:37:57,337 - INFO - Sell signal detected (ML Prob: 0.29)
2025-09-30 20:37:57,394 - WARNING - Spread too high (0.28%). Skipping trade.
2025-09-30 20:38:27,921 - INFO - Sell signal detected (ML Prob: 0.25)
2025-09-30 20:38:27,988 - WARNING - Spread too high (0.26%). Skipping trade.
2025-09-30 20:38:58,499 - INFO - Sell signal detected (ML Prob: 0.18)
2025-09-30 20:38:58,543 - WARNING - Spread too high (0.25%). Skipping trade.
2025-09-30 20:47:06,960 - INFO - Sell signal detected (ML Prob: 0.07)
2025-09-30 20:47:07,004 - WARNING - Spread too high (0.16%). Skipping trade.
2025-09-30 20:47:37,539 - INFO - Sell signal detected (ML Prob: 0.14)
2025-09-30 20:47:37,582 - WARNING - Spread too high (0.21%). Skipping trade.
2025-09-30 20:48:08,177 - INFO - Sell signal detected (ML Prob: 0.10)
2025-09-30 20:48:08,210 - WARNING - Spread too high (0.19%). Skipping trade.
2025-09-30 20:48:38,782 - INFO - Sell signal detected (ML Prob: 0.10)
2025-09-30 20:48:38,835 - WARNING - Spread too high (0.18%). Skipping trade.
2025-09-30 20:49:09,355 - INFO - Sell signal detected (ML Prob: 0.10)
2025-09-30 20:49:09,411 - WARNING - Spread too high (0.17%). Skipping trade.
2025-09-30 20:49:39,920 - INFO - Sell signal detected (ML Prob: 0.10)
2025-09-30 20:49:39,980 - WARNING - Spread too high (0.26%). Skipping trade.
2025-09-30 20:50:10,519 - INFO - Sell signal detected (ML Prob: 0.13)
2025-09-30 20:50:10,564 - WARNING - Spread too high (0.24%). Skipping trade.
2025-09-30 20:50:41,162 - INFO - Sell signal detected (ML Prob: 0.13)
2025-09-30 20:50:41,199 - WARNING - Spread too high (0.22%). Skipping trade.
2025-09-30 20:51:11,723 - INFO - Sell signal detected (ML Prob: 0.34)
2025-09-30 20:51:11,787 - WARNING - Spread too high (0.21%). Skipping trade.
2025-09-30 20:51:42,298 - INFO - Sell signal detected (ML Prob: 0.11)
2025-09-30 20:51:42,336 - WARNING - Spread too high (0.20%). Skipping trade.
2025-09-30 20:52:12,898 - INFO - Sell signal detected (ML Prob: 0.04)
2025-09-30 20:52:12,935 - WARNING - Spread too high (0.19%). Skipping trade.
2025-09-30 20:52:43,449 - INFO - Sell signal detected (ML Prob: 0.04)
2025-09-30 20:52:43,500 - WARNING - Spread too high (0.36%). Skipping trade.
2025-09-30 21:19:16,862 - INFO - Sell signal detected (ML Prob: 0.19)
2025-09-30 21:19:16,915 - WARNING - Spread too high (0.30%). Skipping trade.
2025-09-30 21:19:47,422 - INFO - Sell signal detected (ML Prob: 0.19)
2025-09-30 21:19:47,486 - WARNING - Spread too high (0.28%). Skipping trade.
2025-09-30 21:20:18,002 - INFO - Sell signal detected (ML Prob: 0.07)
2025-09-30 21:20:18,043 - WARNING - Spread too high (0.28%). Skipping trade.
2025-09-30 21:20:48,576 - INFO - Sell signal detected (ML Prob: 0.07)
2025-09-30 21:20:48,626 - WARNING - Spread too high (0.26%). Skipping trade.
2025-09-30 21:21:19,139 - INFO - Sell signal detected (ML Prob: 0.08)
2025-09-30 21:21:19,190 - WARNING - Spread too high (0.28%). Skipping trade.
2025-09-30 21:21:49,717 - INFO - Sell signal detected (ML Prob: 0.08)
2025-09-30 21:21:49,770 - WARNING - Spread too high (0.28%). Skipping trade.
2025-09-30 21:22:20,311 - INFO - Sell signal detected (ML Prob: 0.12)
2025-09-30 21:22:20,363 - WARNING - Spread too high (0.27%). Skipping trade.
2025-09-30 21:22:50,882 - INFO - Sell signal detected (ML Prob: 0.12)
2025-09-30 21:22:50,933 - WARNING - Spread too high (0.26%). Skipping trade.
2025-09-30 21:23:21,434 - INFO - Sell signal detected (ML Prob: 0.05)
2025-09-30 21:23:21,481 - WARNING - Spread too high (0.26%). Skipping trade.
2025-09-30 21:23:52,011 - INFO - Sell signal detected (ML Prob: 0.05)
2025-09-30 21:23:52,077 - WARNING - Spread too high (0.28%). Skipping trade.
2025-09-30 21:25:23,691 - INFO - Sell signal detected (ML Prob: 0.14)
2025-09-30 21:25:23,739 - WARNING - Spread too high (0.22%). Skipping trade.
2025-09-30 21:25:54,294 - INFO - Sell signal detected (ML Prob: 0.14)
2025-09-30 21:25:54,332 - WARNING - Spread too high (0.21%). Skipping trade.
2025-09-30 21:26:24,866 - INFO - Sell signal detected (ML Prob: 0.07)
2025-09-30 21:26:24,903 - WARNING - Spread too high (0.20%). Skipping trade.
2025-09-30 21:26:55,429 - INFO - Sell signal detected (ML Prob: 0.07)
2025-09-30 21:26:55,479 - WARNING - Spread too high (0.19%). Skipping trade.
2025-09-30 21:27:26,062 - INFO - Sell signal detected (ML Prob: 0.05)
2025-09-30 21:27:26,118 - WARNING - Spread too high (0.19%). Skipping trade.
2025-09-30 21:27:56,635 - INFO - Sell signal detected (ML Prob: 0.05)
2025-09-30 21:27:56,686 - WARNING - Spread too high (0.18%). Skipping trade.
2025-09-30 21:28:27,222 - INFO - Sell signal detected (ML Prob: 0.06)
2025-09-30 21:28:27,301 - WARNING - Spread too high (0.17%). Skipping trade.
2025-09-30 21:29:04,977 - INFO - Sell signal detected (ML Prob: 0.06)
2025-09-30 21:29:05,038 - WARNING - Spread too high (0.16%). Skipping trade.
2025-09-30 21:36:22,774 - WARNING - Network error: binanceus GET https://api.binance.us/api/v3/klines?interval=1m&limit=1000&symbol=ETHUSDT. Retrying in 2 s...
2025-09-30 21:36:25,569 - INFO - Sell signal detected (ML Prob: 0.25)
2025-09-30 21:36:25,609 - WARNING - Spread too high (0.27%). Skipping trade.
2025-09-30 21:36:56,122 - INFO - Sell signal detected (ML Prob: 0.23)
2025-09-30 21:36:56,183 - WARNING - Spread too high (0.24%). Skipping trade.
2025-09-30 21:37:26,873 - INFO - Sell signal detected (ML Prob: 0.15)
2025-09-30 21:37:26,935 - WARNING - Spread too high (0.34%). Skipping trade.
2025-09-30 21:37:57,611 - INFO - Sell signal detected (ML Prob: 0.15)
2025-09-30 21:37:57,735 - WARNING - Spread too high (0.34%). Skipping trade.
2025-09-30 21:38:28,206 - INFO - Sell signal detected (ML Prob: 0.15)
2025-09-30 21:38:28,256 - WARNING - Spread too high (0.31%). Skipping trade.
2025-09-30 21:38:58,784 - INFO - Sell signal detected (ML Prob: 0.15)
2025-09-30 21:38:58,835 - WARNING - Spread too high (0.30%). Skipping trade.
2025-09-30 21:39:29,347 - INFO - Sell signal detected (ML Prob: 0.12)
2025-09-30 21:39:29,396 - WARNING - Spread too high (0.29%). Skipping trade.
2025-09-30 21:39:59,916 - INFO - Sell signal detected (ML Prob: 0.12)
2025-09-30 21:39:59,957 - WARNING - Spread too high (0.36%). Skipping trade.
2025-09-30 21:40:30,489 - INFO - Sell signal detected (ML Prob: 0.07)
2025-09-30 21:40:30,539 - WARNING - Spread too high (0.49%). Skipping trade.
2025-09-30 21:41:01,084 - INFO - Sell signal detected (ML Prob: 0.10)
2025-09-30 21:41:01,130 - WARNING - Spread too high (0.49%). Skipping trade.
2025-09-30 21:41:31,642 - INFO - Sell signal detected (ML Prob: 0.10)
2025-09-30 21:41:31,692 - WARNING - Spread too high (0.48%). Skipping trade.
2025-09-30 21:46:16,075 - WARNING - Network error: binanceus GET https://api.binance.us/api/v3/klines?interval=1m&limit=1000&symbol=ETHUSDT. Retrying in 2 s...
2025-09-30 22:03:36,674 - INFO - Sell signal detected (ML Prob: 0.31)
2025-09-30 22:03:36,717 - WARNING - Spread too high (0.44%). Skipping trade.
2025-09-30 22:04:07,249 - INFO - Sell signal detected (ML Prob: 0.32)
2025-09-30 22:04:07,295 - WARNING - Spread too high (0.42%). Skipping trade.
2025-09-30 22:04:37,843 - INFO - Sell signal detected (ML Prob: 0.32)
2025-09-30 22:04:37,894 - WARNING - Spread too high (0.40%). Skipping trade.
2025-09-30 22:07:10,491 - INFO - Sell signal detected (ML Prob: 0.28)
2025-09-30 22:07:10,535 - WARNING - Spread too high (0.39%). Skipping trade.
2025-09-30 22:11:45,313 - INFO - Sell signal detected (ML Prob: 0.27)
2025-09-30 22:11:45,360 - WARNING - Spread too high (0.34%). Skipping trade.
2025-09-30 22:12:15,879 - INFO - Sell signal detected (ML Prob: 0.31)
2025-09-30 22:12:15,929 - WARNING - Spread too high (0.34%). Skipping trade.
2025-09-30 22:12:46,523 - INFO - Sell signal detected (ML Prob: 0.31)
2025-09-30 22:12:46,574 - WARNING - Spread too high (0.33%). Skipping trade.
2025-09-30 22:25:08,930 - WARNING - Network error: binanceus GET https://api.binance.us/api/v3/klines?interval=1m&limit=1000&symbol=ETHUSDT. Retrying in 2 s...
2025-10-08 21:02:48,244 - INFO - Trading bot started (updated version)
2025-10-08 21:02:48,674 - INFO - Exchange configuration complete
2025-10-08 21:02:48,675 - INFO - === Bot Session Started ===
2025-10-08 21:02:48,675 - INFO - Fetching initial market data...
2025-10-08 21:02:48,868 - INFO - Initial ML model training successful.
2025-10-08 21:04:20,711 - INFO - Sell signal detected (ML Prob: 0.33)
2025-10-08 21:04:20,758 - WARNING - Spread too high (0.20%). Skipping trade.
2025-10-08 21:04:51,280 - INFO - Sell signal detected (ML Prob: 0.33)
2025-10-08 21:04:51,327 - WARNING - Spread too high (0.19%). Skipping trade.
2025-10-08 21:05:21,844 - INFO - Sell signal detected (ML Prob: 0.24)
2025-10-08 21:05:21,891 - WARNING - Spread too high (0.19%). Skipping trade.
2025-10-08 21:08:25,029 - INFO - Sell signal detected (ML Prob: 0.33)
2025-10-08 21:08:25,078 - WARNING - Spread too high (0.28%). Skipping trade.
2025-10-08 21:08:55,614 - INFO - Sell signal detected (ML Prob: 0.33)
2025-10-08 21:08:55,665 - WARNING - Spread too high (0.28%). Skipping trade.
2025-10-12 13:06:01,762 - INFO - Trading bot started (updated version)
2025-10-12 13:06:02,429 - INFO - Exchange configuration complete
2025-10-12 13:06:02,430 - INFO - === Bot Session Started ===
2025-10-12 13:06:02,430 - INFO - Fetching initial market data...
2025-10-12 13:06:02,628 - INFO - Initial ML model training successful.
